{"numFailedTestSuites":1,"numFailedTests":1,"numPassedTestSuites":17,"numPassedTests":396,"numPendingTestSuites":0,"numPendingTests":0,"numRuntimeErrorTestSuites":0,"numTodoTests":0,"numTotalTestSuites":18,"numTotalTests":397,"openHandles":[],"snapshot":{"added":0,"didUpdate":false,"failure":false,"filesAdded":0,"filesRemoved":0,"filesRemovedList":[],"filesUnmatched":0,"filesUpdated":0,"matched":0,"total":0,"unchecked":0,"uncheckedKeysByFile":[],"unmatched":0,"updated":0},"startTime":1774720940213,"success":false,"testResults":[{"assertionResults":[{"ancestorTitles":["Timing Helpers - Advanced","debounce()"],"duration":11,"failureDetails":[],"failureMessages":[],"fullName":"Timing Helpers - Advanced debounce() should delay function execution","invocations":1,"location":null,"numPassingAsserts":4,"retryReasons":[],"status":"passed","title":"should delay function execution"},{"ancestorTitles":["Timing Helpers - Advanced","debounce()"],"duration":1,"failureDetails":[],"failureMessages":[],"fullName":"Timing Helpers - Advanced debounce() should reset timer on subsequent calls","invocations":1,"location":null,"numPassingAsserts":3,"retryReasons":[],"status":"passed","title":"should reset timer on subsequent calls"},{"ancestorTitles":["Timing Helpers - Advanced","debounce()"],"duration":0,"failureDetails":[],"failureMessages":[],"fullName":"Timing Helpers - Advanced debounce() should pass multiple arguments","invocations":1,"location":null,"numPassingAsserts":1,"retryReasons":[],"status":"passed","title":"should pass multiple arguments"},{"ancestorTitles":["Timing Helpers - Advanced","debounce()"],"duration":1,"failureDetails":[],"failureMessages":[],"fullName":"Timing Helpers - Advanced debounce() should handle multiple calls with only last executing","invocations":1,"location":null,"numPassingAsserts":2,"retryReasons":[],"status":"passed","title":"should handle multiple calls with only last executing"},{"ancestorTitles":["Timing Helpers - Advanced","throttle()"],"duration":3,"failureDetails":[],"failureMessages":[],"fullName":"Timing Helpers - Advanced throttle() should execute function immediately on first call","invocations":1,"location":null,"numPassingAsserts":2,"retryReasons":[],"status":"passed","title":"should execute function immediately on first call"},{"ancestorTitles":["Timing Helpers - Advanced","throttle()"],"duration":1,"failureDetails":[],"failureMessages":[],"fullName":"Timing Helpers - Advanced throttle() should ignore calls during throttle period","invocations":1,"location":null,"numPassingAsserts":2,"retryReasons":[],"status":"passed","title":"should ignore calls during throttle period"},{"ancestorTitles":["Timing Helpers - Advanced","throttle()"],"duration":0,"failureDetails":[],"failureMessages":[],"fullName":"Timing Helpers - Advanced throttle() should execute again after throttle period","invocations":1,"location":null,"numPassingAsserts":3,"retryReasons":[],"status":"passed","title":"should execute again after throttle period"},{"ancestorTitles":["Timing Helpers - Advanced","throttle()"],"duration":1,"failureDetails":[],"failureMessages":[],"fullName":"Timing Helpers - Advanced throttle() should pass multiple arguments on first call","invocations":1,"location":null,"numPassingAsserts":1,"retryReasons":[],"status":"passed","title":"should pass multiple arguments on first call"},{"ancestorTitles":["Timing Helpers - Advanced","withTimeout()"],"duration":1,"failureDetails":[],"failureMessages":[],"fullName":"Timing Helpers - Advanced withTimeout() should resolve when promise completes before timeout","invocations":1,"location":null,"numPassingAsserts":1,"retryReasons":[],"status":"passed","title":"should resolve when promise completes before timeout"},{"ancestorTitles":["Timing Helpers - Advanced","withTimeout()"],"duration":6,"failureDetails":[],"failureMessages":[],"fullName":"Timing Helpers - Advanced withTimeout() should reject when promise takes longer than timeout","invocations":1,"location":null,"numPassingAsserts":1,"retryReasons":[],"status":"passed","title":"should reject when promise takes longer than timeout"},{"ancestorTitles":["Timing Helpers - Advanced","withTimeout()"],"duration":0,"failureDetails":[],"failureMessages":[],"fullName":"Timing Helpers - Advanced withTimeout() should use custom error message","invocations":1,"location":null,"numPassingAsserts":1,"retryReasons":[],"status":"passed","title":"should use custom error message"},{"ancestorTitles":["Timing Helpers - Advanced","withTimeout()"],"duration":0,"failureDetails":[],"failureMessages":[],"fullName":"Timing Helpers - Advanced withTimeout() should reject with original error if promise rejects","invocations":1,"location":null,"numPassingAsserts":1,"retryReasons":[],"status":"passed","title":"should reject with original error if promise rejects"},{"ancestorTitles":["Timing Helpers - Advanced","withTimeout()"],"duration":0,"failureDetails":[],"failureMessages":[],"fullName":"Timing Helpers - Advanced withTimeout() should handle synchronous resolution","invocations":1,"location":null,"numPassingAsserts":1,"retryReasons":[],"status":"passed","title":"should handle synchronous resolution"},{"ancestorTitles":["Timing Helpers - Advanced","sequence()"],"duration":17,"failureDetails":[],"failureMessages":[],"fullName":"Timing Helpers - Advanced sequence() should execute functions sequentially","invocations":1,"location":null,"numPassingAsserts":2,"retryReasons":[],"status":"passed","title":"should execute functions sequentially"},{"ancestorTitles":["Timing Helpers - Advanced","sequence()"],"duration":4,"failureDetails":[],"failureMessages":[],"fullName":"Timing Helpers - Advanced sequence() should stop on first error","invocations":1,"location":null,"numPassingAsserts":4,"retryReasons":[],"status":"passed","title":"should stop on first error"},{"ancestorTitles":["Timing Helpers - Advanced","sequence()"],"duration":2,"failureDetails":[],"failureMessages":[],"fullName":"Timing Helpers - Advanced sequence() should handle empty array","invocations":1,"location":null,"numPassingAsserts":1,"retryReasons":[],"status":"passed","title":"should handle empty array"},{"ancestorTitles":["Timing Helpers - Advanced","sequence()"],"duration":1,"failureDetails":[],"failureMessages":[],"fullName":"Timing Helpers - Advanced sequence() should handle single function","invocations":1,"location":null,"numPassingAsserts":2,"retryReasons":[],"status":"passed","title":"should handle single function"}],"endTime":1774720942186,"message":"","name":"/Users/tebo1993/Desktop/EFTECH93/node-console/tests/timing-helper-advanced.test.ts","startTime":1774720940552,"status":"passed","summary":""},{"assertionResults":[{"ancestorTitles":["Module Exports","Classes"],"duration":8,"failureDetails":[],"failureMessages":[],"fullName":"Module Exports Classes should export ExpressConsole class","invocations":1,"location":null,"numPassingAsserts":4,"retryReasons":[],"status":"passed","title":"should export ExpressConsole class"},{"ancestorTitles":["Module Exports","Classes"],"duration":1,"failureDetails":[],"failureMessages":[],"fullName":"Module Exports Classes should export AppLoader class","invocations":1,"location":null,"numPassingAsserts":5,"retryReasons":[],"status":"passed","title":"should export AppLoader class"},{"ancestorTitles":["Module Exports","Classes"],"duration":1,"failureDetails":[],"failureMessages":[],"fullName":"Module Exports Classes should export NestJSLoader class","invocations":1,"location":null,"numPassingAsserts":4,"retryReasons":[],"status":"passed","title":"should export NestJSLoader class"},{"ancestorTitles":["Module Exports","Classes"],"duration":0,"failureDetails":[],"failureMessages":[],"fullName":"Module Exports Classes should export NextJSLoader class","invocations":1,"location":null,"numPassingAsserts":4,"retryReasons":[],"status":"passed","title":"should export NextJSLoader class"},{"ancestorTitles":["Module Exports","Config Functions"],"duration":1,"failureDetails":[],"failureMessages":[],"fullName":"Module Exports Config Functions should export loadConfig function","invocations":1,"location":null,"numPassingAsserts":4,"retryReasons":[],"status":"passed","title":"should export loadConfig function"},{"ancestorTitles":["Module Exports","Config Functions"],"duration":0,"failureDetails":[],"failureMessages":[],"fullName":"Module Exports Config Functions should export generateConfig function","invocations":1,"location":null,"numPassingAsserts":2,"retryReasons":[],"status":"passed","title":"should export generateConfig function"},{"ancestorTitles":["Module Exports","Config Functions"],"duration":0,"failureDetails":[],"failureMessages":[],"fullName":"Module Exports Config Functions should export CONFIG_FILES array","invocations":1,"location":null,"numPassingAsserts":3,"retryReasons":[],"status":"passed","title":"should export CONFIG_FILES array"},{"ancestorTitles":["Module Exports","Autocomplete Functions"],"duration":0,"failureDetails":[],"failureMessages":[],"fullName":"Module Exports Autocomplete Functions should export IntelligentCompleter class","invocations":1,"location":null,"numPassingAsserts":2,"retryReasons":[],"status":"passed","title":"should export IntelligentCompleter class"},{"ancestorTitles":["Module Exports","Autocomplete Functions"],"duration":2,"failureDetails":[],"failureMessages":[],"fullName":"Module Exports Autocomplete Functions should export createCompleter function","invocations":1,"location":null,"numPassingAsserts":2,"retryReasons":[],"status":"passed","title":"should export createCompleter function"},{"ancestorTitles":["Module Exports","Autocomplete Functions"],"duration":0,"failureDetails":[],"failureMessages":[],"fullName":"Module Exports Autocomplete Functions should export addIntrospectionMethods function","invocations":1,"location":null,"numPassingAsserts":2,"retryReasons":[],"status":"passed","title":"should export addIntrospectionMethods function"},{"ancestorTitles":["Integration: Exported components work together"],"duration":0,"failureDetails":[],"failureMessages":[],"fullName":"Integration: Exported components work together should be able to create a console with all loaders","invocations":1,"location":null,"numPassingAsserts":2,"retryReasons":[],"status":"passed","title":"should be able to create a console with all loaders"},{"ancestorTitles":["Integration: Exported components work together"],"duration":0,"failureDetails":[],"failureMessages":[],"fullName":"Integration: Exported components work together should be able to use config with console","invocations":1,"location":null,"numPassingAsserts":1,"retryReasons":[],"status":"passed","title":"should be able to use config with console"},{"ancestorTitles":["Integration: Exported components work together"],"duration":0,"failureDetails":[],"failureMessages":[],"fullName":"Integration: Exported components work together should be able to check project types with loaders","invocations":1,"location":null,"numPassingAsserts":2,"retryReasons":[],"status":"passed","title":"should be able to check project types with loaders"}],"endTime":1774720942258,"message":"","name":"/Users/tebo1993/Desktop/EFTECH93/node-console/tests/index.test.ts","startTime":1774720940534,"status":"passed","summary":""},{"assertionResults":[{"ancestorTitles":["Database Module","ConnectionManager","get()"],"duration":10,"failureDetails":[],"failureMessages":[],"fullName":"Database Module ConnectionManager get() should throw error for unregistered connection","invocations":1,"location":null,"numPassingAsserts":1,"retryReasons":[],"status":"passed","title":"should throw error for unregistered connection"},{"ancestorTitles":["Database Module","ConnectionManager","get()"],"duration":0,"failureDetails":[],"failureMessages":[],"fullName":"Database Module ConnectionManager get() should return registered connection","invocations":1,"location":null,"numPassingAsserts":1,"retryReasons":[],"status":"passed","title":"should return registered connection"},{"ancestorTitles":["Database Module","ConnectionManager","register()"],"duration":0,"failureDetails":[],"failureMessages":[],"fullName":"Database Module ConnectionManager register() should register a connection","invocations":1,"location":null,"numPassingAsserts":1,"retryReasons":[],"status":"passed","title":"should register a connection"},{"ancestorTitles":["Database Module","ConnectionManager","register()"],"duration":3,"failureDetails":[],"failureMessages":[],"fullName":"Database Module ConnectionManager register() should override existing connection","invocations":1,"location":null,"numPassingAsserts":1,"retryReasons":[],"status":"passed","title":"should override existing connection"},{"ancestorTitles":["Database Module","ConnectionManager","isConnected()"],"duration":0,"failureDetails":[],"failureMessages":[],"fullName":"Database Module ConnectionManager isConnected() should return false for unregistered connection","invocations":1,"location":null,"numPassingAsserts":1,"retryReasons":[],"status":"passed","title":"should return false for unregistered connection"},{"ancestorTitles":["Database Module","ConnectionManager","isConnected()"],"duration":0,"failureDetails":[],"failureMessages":[],"fullName":"Database Module ConnectionManager isConnected() should return true for registered connection","invocations":1,"location":null,"numPassingAsserts":1,"retryReasons":[],"status":"passed","title":"should return true for registered connection"},{"ancestorTitles":["Database Module","ConnectionManager","getAllStatuses()"],"duration":0,"failureDetails":[],"failureMessages":[],"fullName":"Database Module ConnectionManager getAllStatuses() should return empty object when no connections","invocations":1,"location":null,"numPassingAsserts":1,"retryReasons":[],"status":"passed","title":"should return empty object when no connections"},{"ancestorTitles":["Database Module","ConnectionManager","getAllStatuses()"],"duration":1,"failureDetails":[],"failureMessages":[],"fullName":"Database Module ConnectionManager getAllStatuses() should return statuses for all connections","invocations":1,"location":null,"numPassingAsserts":4,"retryReasons":[],"status":"passed","title":"should return statuses for all connections"},{"ancestorTitles":["Database Module","ConnectionManager","close()"],"duration":0,"failureDetails":[],"failureMessages":[],"fullName":"Database Module ConnectionManager close() should call close on connection if available","invocations":1,"location":null,"numPassingAsserts":1,"retryReasons":[],"status":"passed","title":"should call close on connection if available"},{"ancestorTitles":["Database Module","ConnectionManager","close()"],"duration":0,"failureDetails":[],"failureMessages":[],"fullName":"Database Module ConnectionManager close() should handle connection without close method","invocations":1,"location":null,"numPassingAsserts":1,"retryReasons":[],"status":"passed","title":"should handle connection without close method"},{"ancestorTitles":["Database Module","ConnectionManager","close()"],"duration":0,"failureDetails":[],"failureMessages":[],"fullName":"Database Module ConnectionManager close() should throw error for unregistered connection","invocations":1,"location":null,"numPassingAsserts":1,"retryReasons":[],"status":"passed","title":"should throw error for unregistered connection"},{"ancestorTitles":["Database Module","ConnectionManager","closeAll()"],"duration":0,"failureDetails":[],"failureMessages":[],"fullName":"Database Module ConnectionManager closeAll() should close all registered connections","invocations":1,"location":null,"numPassingAsserts":2,"retryReasons":[],"status":"passed","title":"should close all registered connections"},{"ancestorTitles":["Database Module","ConnectionManager","closeAll()"],"duration":30,"failureDetails":[],"failureMessages":[],"fullName":"Database Module ConnectionManager closeAll() should handle errors in individual connections","invocations":1,"location":null,"numPassingAsserts":1,"retryReasons":[],"status":"passed","title":"should handle errors in individual connections"},{"ancestorTitles":["Database Module","getConnectionManager()"],"duration":0,"failureDetails":[],"failureMessages":[],"fullName":"Database Module getConnectionManager() should return singleton instance","invocations":1,"location":null,"numPassingAsserts":1,"retryReasons":[],"status":"passed","title":"should return singleton instance"},{"ancestorTitles":["Database Module","createConnectionManager()"],"duration":0,"failureDetails":[],"failureMessages":[],"fullName":"Database Module createConnectionManager() should create new instance each time","invocations":1,"location":null,"numPassingAsserts":1,"retryReasons":[],"status":"passed","title":"should create new instance each time"},{"ancestorTitles":["Database Module","createConnectionManager()"],"duration":0,"failureDetails":[],"failureMessages":[],"fullName":"Database Module createConnectionManager() should have independent connections","invocations":1,"location":null,"numPassingAsserts":2,"retryReasons":[],"status":"passed","title":"should have independent connections"},{"ancestorTitles":["Database Module","Database Types"],"duration":1,"failureDetails":[],"failureMessages":[],"fullName":"Database Module Database Types should support all database types","invocations":1,"location":null,"numPassingAsserts":7,"retryReasons":[],"status":"passed","title":"should support all database types"},{"ancestorTitles":["Database Module","ConnectionStatus"],"duration":1,"failureDetails":[],"failureMessages":[],"fullName":"Database Module ConnectionStatus should have correct status values","invocations":1,"location":null,"numPassingAsserts":2,"retryReasons":[],"status":"passed","title":"should have correct status values"}],"endTime":1774720942304,"message":"","name":"/Users/tebo1993/Desktop/EFTECH93/node-console/tests/database.test.ts","startTime":1774720942199,"status":"passed","summary":""},{"assertionResults":[{"ancestorTitles":["ConnectionManager","register()"],"duration":2,"failureDetails":[],"failureMessages":[],"fullName":"ConnectionManager register() should register a new connection","invocations":1,"location":null,"numPassingAsserts":1,"retryReasons":[],"status":"passed","title":"should register a new connection"},{"ancestorTitles":["ConnectionManager","register()"],"duration":1,"failureDetails":[],"failureMessages":[],"fullName":"ConnectionManager register() should override existing connection","invocations":1,"location":null,"numPassingAsserts":1,"retryReasons":[],"status":"passed","title":"should override existing connection"},{"ancestorTitles":["ConnectionManager","register()"],"duration":0,"failureDetails":[],"failureMessages":[],"fullName":"ConnectionManager register() should store connection with metadata","invocations":1,"location":null,"numPassingAsserts":1,"retryReasons":[],"status":"passed","title":"should store connection with metadata"},{"ancestorTitles":["ConnectionManager","register()"],"duration":0,"failureDetails":[],"failureMessages":[],"fullName":"ConnectionManager register() should support legacy register signature","invocations":1,"location":null,"numPassingAsserts":1,"retryReasons":[],"status":"passed","title":"should support legacy register signature"},{"ancestorTitles":["ConnectionManager","get()"],"duration":29,"failureDetails":[],"failureMessages":[],"fullName":"ConnectionManager get() should throw error for unregistered connection","invocations":1,"location":null,"numPassingAsserts":1,"retryReasons":[],"status":"passed","title":"should throw error for unregistered connection"},{"ancestorTitles":["ConnectionManager","get()"],"duration":1,"failureDetails":[],"failureMessages":[],"fullName":"ConnectionManager get() should return registered connection","invocations":1,"location":null,"numPassingAsserts":1,"retryReasons":[],"status":"passed","title":"should return registered connection"},{"ancestorTitles":["ConnectionManager","isConnected()"],"duration":0,"failureDetails":[],"failureMessages":[],"fullName":"ConnectionManager isConnected() should return false for unregistered connection","invocations":1,"location":null,"numPassingAsserts":1,"retryReasons":[],"status":"passed","title":"should return false for unregistered connection"},{"ancestorTitles":["ConnectionManager","isConnected()"],"duration":0,"failureDetails":[],"failureMessages":[],"fullName":"ConnectionManager isConnected() should return true for connected connection","invocations":1,"location":null,"numPassingAsserts":1,"retryReasons":[],"status":"passed","title":"should return true for connected connection"},{"ancestorTitles":["ConnectionManager","isConnected()"],"duration":1,"failureDetails":[],"failureMessages":[],"fullName":"ConnectionManager isConnected() should return true when connection exists regardless of connected property","invocations":1,"location":null,"numPassingAsserts":1,"retryReasons":[],"status":"passed","title":"should return true when connection exists regardless of connected property"},{"ancestorTitles":["ConnectionManager","getAllStatuses()"],"duration":0,"failureDetails":[],"failureMessages":[],"fullName":"ConnectionManager getAllStatuses() should return empty object when no connections","invocations":1,"location":null,"numPassingAsserts":1,"retryReasons":[],"status":"passed","title":"should return empty object when no connections"},{"ancestorTitles":["ConnectionManager","getAllStatuses()"],"duration":0,"failureDetails":[],"failureMessages":[],"fullName":"ConnectionManager getAllStatuses() should return statuses for all connections","invocations":1,"location":null,"numPassingAsserts":1,"retryReasons":[],"status":"passed","title":"should return statuses for all connections"},{"ancestorTitles":["ConnectionManager","close()"],"duration":3,"failureDetails":[],"failureMessages":[],"fullName":"ConnectionManager close() should call close on connection if available","invocations":1,"location":null,"numPassingAsserts":1,"retryReasons":[],"status":"passed","title":"should call close on connection if available"},{"ancestorTitles":["ConnectionManager","close()"],"duration":1,"failureDetails":[],"failureMessages":[],"fullName":"ConnectionManager close() should handle connection without close method","invocations":1,"location":null,"numPassingAsserts":1,"retryReasons":[],"status":"passed","title":"should handle connection without close method"},{"ancestorTitles":["ConnectionManager","close()"],"duration":0,"failureDetails":[],"failureMessages":[],"fullName":"ConnectionManager close() should throw error for unregistered connection","invocations":1,"location":null,"numPassingAsserts":1,"retryReasons":[],"status":"passed","title":"should throw error for unregistered connection"},{"ancestorTitles":["ConnectionManager","close()"],"duration":1,"failureDetails":[],"failureMessages":[],"fullName":"ConnectionManager close() should handle close errors","invocations":1,"location":null,"numPassingAsserts":1,"retryReasons":[],"status":"passed","title":"should handle close errors"},{"ancestorTitles":["ConnectionManager","closeAll()"],"duration":0,"failureDetails":[],"failureMessages":[],"fullName":"ConnectionManager closeAll() should close all connections","invocations":1,"location":null,"numPassingAsserts":2,"retryReasons":[],"status":"passed","title":"should close all connections"},{"ancestorTitles":["ConnectionManager","closeAll()"],"duration":1,"failureDetails":[],"failureMessages":[],"fullName":"ConnectionManager closeAll() should handle errors in individual connections","invocations":1,"location":null,"numPassingAsserts":2,"retryReasons":[],"status":"passed","title":"should handle errors in individual connections"},{"ancestorTitles":["ConnectionManager","closeAll()"],"duration":0,"failureDetails":[],"failureMessages":[],"fullName":"ConnectionManager closeAll() should handle empty connections","invocations":1,"location":null,"numPassingAsserts":1,"retryReasons":[],"status":"passed","title":"should handle empty connections"},{"ancestorTitles":["ConnectionManager","closeAll()"],"duration":0,"failureDetails":[],"failureMessages":[],"fullName":"ConnectionManager closeAll() should handle connections without close method","invocations":1,"location":null,"numPassingAsserts":0,"retryReasons":[],"status":"passed","title":"should handle connections without close method"},{"ancestorTitles":["ConnectionManager","getConnectionManager"],"duration":0,"failureDetails":[],"failureMessages":[],"fullName":"ConnectionManager getConnectionManager should return singleton instance","invocations":1,"location":null,"numPassingAsserts":1,"retryReasons":[],"status":"passed","title":"should return singleton instance"},{"ancestorTitles":["ConnectionManager","createConnectionManager"],"duration":0,"failureDetails":[],"failureMessages":[],"fullName":"ConnectionManager createConnectionManager should create new instance each time","invocations":1,"location":null,"numPassingAsserts":1,"retryReasons":[],"status":"passed","title":"should create new instance each time"},{"ancestorTitles":["ConnectionManager","createConnectionManager"],"duration":0,"failureDetails":[],"failureMessages":[],"fullName":"ConnectionManager createConnectionManager should have independent connections","invocations":1,"location":null,"numPassingAsserts":2,"retryReasons":[],"status":"passed","title":"should have independent connections"}],"endTime":1774720942356,"message":"","name":"/Users/tebo1993/Desktop/EFTECH93/node-console/tests/connection-manager.test.ts","startTime":1774720940513,"status":"passed","summary":""},{"assertionResults":[{"ancestorTitles":["CONFIG_FILES"],"duration":0,"failureDetails":[],"failureMessages":[],"fullName":"CONFIG_FILES should include expected config file names","invocations":1,"location":null,"numPassingAsserts":3,"retryReasons":[],"status":"passed","title":"should include expected config file names"},{"ancestorTitles":["loadConfig"],"duration":1,"failureDetails":[],"failureMessages":[],"fullName":"loadConfig should return default config when no config files exist","invocations":1,"location":null,"numPassingAsserts":11,"retryReasons":[],"status":"passed","title":"should return default config when no config files exist"},{"ancestorTitles":["loadConfig"],"duration":3,"failureDetails":[],"failureMessages":[],"fullName":"loadConfig should load config from .nodesh.js","invocations":1,"location":null,"numPassingAsserts":5,"retryReasons":[],"status":"passed","title":"should load config from .nodesh.js"},{"ancestorTitles":["loadConfig"],"duration":4,"failureDetails":[],"failureMessages":[],"fullName":"loadConfig should load config from .nodesh.json","invocations":1,"location":null,"numPassingAsserts":3,"retryReasons":[],"status":"passed","title":"should load config from .nodesh.json"},{"ancestorTitles":["loadConfig"],"duration":2,"failureDetails":[],"failureMessages":[],"fullName":"loadConfig should load config from package.json nodesh field","invocations":1,"location":null,"numPassingAsserts":3,"retryReasons":[],"status":"passed","title":"should load config from package.json nodesh field"},{"ancestorTitles":["loadConfig"],"duration":13,"failureDetails":[],"failureMessages":[],"fullName":"loadConfig should prefer config file over package.json","invocations":1,"location":null,"numPassingAsserts":2,"retryReasons":[],"status":"passed","title":"should prefer config file over package.json"},{"ancestorTitles":["loadConfig"],"duration":1,"failureDetails":[],"failureMessages":[],"fullName":"loadConfig should handle first available config file","invocations":1,"location":null,"numPassingAsserts":1,"retryReasons":[],"status":"passed","title":"should handle first available config file"},{"ancestorTitles":["loadConfig"],"duration":15,"failureDetails":[],"failureMessages":[],"fullName":"loadConfig should use default when config file has syntax error","invocations":1,"location":null,"numPassingAsserts":2,"retryReasons":[],"status":"passed","title":"should use default when config file has syntax error"},{"ancestorTitles":["loadConfig"],"duration":4,"failureDetails":[],"failureMessages":[],"fullName":"loadConfig should use default when package.json has syntax error","invocations":1,"location":null,"numPassingAsserts":2,"retryReasons":[],"status":"passed","title":"should use default when package.json has syntax error"},{"ancestorTitles":["loadConfig"],"duration":2,"failureDetails":[],"failureMessages":[],"fullName":"loadConfig should handle missing package.json gracefully","invocations":1,"location":null,"numPassingAsserts":2,"retryReasons":[],"status":"passed","title":"should handle missing package.json gracefully"},{"ancestorTitles":["loadConfig"],"duration":6,"failureDetails":[],"failureMessages":[],"fullName":"loadConfig should merge partial config with defaults","invocations":1,"location":null,"numPassingAsserts":4,"retryReasons":[],"status":"passed","title":"should merge partial config with defaults"},{"ancestorTitles":["loadConfig"],"duration":1,"failureDetails":[],"failureMessages":[],"fullName":"loadConfig should use process.cwd() as default rootPath","invocations":1,"location":null,"numPassingAsserts":1,"retryReasons":[],"status":"passed","title":"should use process.cwd() as default rootPath"},{"ancestorTitles":["generateConfig"],"duration":0,"failureDetails":[],"failureMessages":[],"fullName":"generateConfig should create config file when it does not exist","invocations":1,"location":null,"numPassingAsserts":3,"retryReasons":[],"status":"passed","title":"should create config file when it does not exist"},{"ancestorTitles":["generateConfig"],"duration":0,"failureDetails":[],"failureMessages":[],"fullName":"generateConfig should not overwrite existing config file","invocations":1,"location":null,"numPassingAsserts":2,"retryReasons":[],"status":"passed","title":"should not overwrite existing config file"},{"ancestorTitles":["generateConfig"],"duration":1,"failureDetails":[],"failureMessages":[],"fullName":"generateConfig should generate valid JavaScript config","invocations":1,"location":null,"numPassingAsserts":5,"retryReasons":[],"status":"passed","title":"should generate valid JavaScript config"},{"ancestorTitles":["generateConfig"],"duration":0,"failureDetails":[],"failureMessages":[],"fullName":"generateConfig should generate config with helpful comments","invocations":1,"location":null,"numPassingAsserts":2,"retryReasons":[],"status":"passed","title":"should generate config with helpful comments"},{"ancestorTitles":["generateConfig"],"duration":2,"failureDetails":[],"failureMessages":[],"fullName":"generateConfig should use process.cwd() as default","invocations":1,"location":null,"numPassingAsserts":1,"retryReasons":[],"status":"passed","title":"should use process.cwd() as default"}],"endTime":1774720942413,"message":"","name":"/Users/tebo1993/Desktop/EFTECH93/node-console/tests/config.test.ts","startTime":1774720942315,"status":"passed","summary":""},{"assertionResults":[{"ancestorTitles":["IntelligentCompleter","complete()"],"duration":1,"failureDetails":[],"failureMessages":[],"fullName":"IntelligentCompleter complete() should return all top-level keys for empty input","invocations":1,"location":null,"numPassingAsserts":5,"retryReasons":[],"status":"passed","title":"should return all top-level keys for empty input"},{"ancestorTitles":["IntelligentCompleter","complete()"],"duration":0,"failureDetails":[],"failureMessages":[],"fullName":"IntelligentCompleter complete() should filter completions by prefix","invocations":1,"location":null,"numPassingAsserts":2,"retryReasons":[],"status":"passed","title":"should filter completions by prefix"},{"ancestorTitles":["IntelligentCompleter","complete()"],"duration":1,"failureDetails":[],"failureMessages":[],"fullName":"IntelligentCompleter complete() should complete instance properties on service objects","invocations":1,"location":null,"numPassingAsserts":10,"retryReasons":[],"status":"passed","title":"should complete instance properties on service objects"},{"ancestorTitles":["IntelligentCompleter","complete()"],"duration":0,"failureDetails":[],"failureMessages":[],"fullName":"IntelligentCompleter complete() should filter methods by partial match","invocations":1,"location":null,"numPassingAsserts":4,"retryReasons":[],"status":"passed","title":"should filter methods by partial match"},{"ancestorTitles":["IntelligentCompleter","complete()"],"duration":0,"failureDetails":[],"failureMessages":[],"fullName":"IntelligentCompleter complete() should complete properties on config object","invocations":1,"location":null,"numPassingAsserts":3,"retryReasons":[],"status":"passed","title":"should complete properties on config object"},{"ancestorTitles":["IntelligentCompleter","complete()"],"duration":1,"failureDetails":[],"failureMessages":[],"fullName":"IntelligentCompleter complete() should complete nested properties","invocations":1,"location":null,"numPassingAsserts":3,"retryReasons":[],"status":"passed","title":"should complete nested properties"},{"ancestorTitles":["IntelligentCompleter","complete()"],"duration":0,"failureDetails":[],"failureMessages":[],"fullName":"IntelligentCompleter complete() should complete static methods on model objects","invocations":1,"location":null,"numPassingAsserts":9,"retryReasons":[],"status":"passed","title":"should complete static methods on model objects"},{"ancestorTitles":["IntelligentCompleter","complete()"],"duration":1,"failureDetails":[],"failureMessages":[],"fullName":"IntelligentCompleter complete() should return empty array for non-existent object","invocations":1,"location":null,"numPassingAsserts":1,"retryReasons":[],"status":"passed","title":"should return empty array for non-existent object"},{"ancestorTitles":["IntelligentCompleter","complete()"],"duration":0,"failureDetails":[],"failureMessages":[],"fullName":"IntelligentCompleter complete() should return empty array for null/undefined values","invocations":1,"location":null,"numPassingAsserts":2,"retryReasons":[],"status":"passed","title":"should return empty array for null/undefined values"},{"ancestorTitles":["IntelligentCompleter","introspect()"],"duration":1,"failureDetails":[],"failureMessages":[],"fullName":"IntelligentCompleter introspect() should return metadata for a service","invocations":1,"location":null,"numPassingAsserts":4,"retryReasons":[],"status":"passed","title":"should return metadata for a service"},{"ancestorTitles":["IntelligentCompleter","introspect()"],"duration":1,"failureDetails":[],"failureMessages":[],"fullName":"IntelligentCompleter introspect() should return metadata for a model","invocations":1,"location":null,"numPassingAsserts":3,"retryReasons":[],"status":"passed","title":"should return metadata for a model"},{"ancestorTitles":["IntelligentCompleter","introspect()"],"duration":0,"failureDetails":[],"failureMessages":[],"fullName":"IntelligentCompleter introspect() should return null for non-existent key","invocations":1,"location":null,"numPassingAsserts":1,"retryReasons":[],"status":"passed","title":"should return null for non-existent key"},{"ancestorTitles":["IntelligentCompleter","introspect()"],"duration":0,"failureDetails":[],"failureMessages":[],"fullName":"IntelligentCompleter introspect() should list all properties including methods","invocations":1,"location":null,"numPassingAsserts":3,"retryReasons":[],"status":"passed","title":"should list all properties including methods"},{"ancestorTitles":["IntelligentCompleter","introspect()"],"duration":0,"failureDetails":[],"failureMessages":[],"fullName":"IntelligentCompleter introspect() should identify static methods","invocations":1,"location":null,"numPassingAsserts":2,"retryReasons":[],"status":"passed","title":"should identify static methods"},{"ancestorTitles":["IntelligentCompleter","getTypeName()"],"duration":1,"failureDetails":[],"failureMessages":[],"fullName":"IntelligentCompleter getTypeName() should return correct type for null","invocations":1,"location":null,"numPassingAsserts":1,"retryReasons":[],"status":"passed","title":"should return correct type for null"},{"ancestorTitles":["IntelligentCompleter","getTypeName()"],"duration":0,"failureDetails":[],"failureMessages":[],"fullName":"IntelligentCompleter getTypeName() should return correct type for undefined","invocations":1,"location":null,"numPassingAsserts":1,"retryReasons":[],"status":"passed","title":"should return correct type for undefined"},{"ancestorTitles":["IntelligentCompleter","getTypeName()"],"duration":0,"failureDetails":[],"failureMessages":[],"fullName":"IntelligentCompleter getTypeName() should return correct type for primitives","invocations":1,"location":null,"numPassingAsserts":3,"retryReasons":[],"status":"passed","title":"should return correct type for primitives"},{"ancestorTitles":["IntelligentCompleter","getTypeName()"],"duration":0,"failureDetails":[],"failureMessages":[],"fullName":"IntelligentCompleter getTypeName() should return class name for objects","invocations":1,"location":null,"numPassingAsserts":1,"retryReasons":[],"status":"passed","title":"should return class name for objects"},{"ancestorTitles":["IntelligentCompleter","getTypeName()"],"duration":1,"failureDetails":[],"failureMessages":[],"fullName":"IntelligentCompleter getTypeName() should return correct type for arrays","invocations":1,"location":null,"numPassingAsserts":2,"retryReasons":[],"status":"passed","title":"should return correct type for arrays"},{"ancestorTitles":["IntelligentCompleter","getTypeName()"],"duration":0,"failureDetails":[],"failureMessages":[],"fullName":"IntelligentCompleter getTypeName() should return correct type for dates","invocations":1,"location":null,"numPassingAsserts":1,"retryReasons":[],"status":"passed","title":"should return correct type for dates"},{"ancestorTitles":["IntelligentCompleter","getTypeName()"],"duration":1,"failureDetails":[],"failureMessages":[],"fullName":"IntelligentCompleter getTypeName() should return correct type for regex","invocations":1,"location":null,"numPassingAsserts":1,"retryReasons":[],"status":"passed","title":"should return correct type for regex"},{"ancestorTitles":["IntelligentCompleter","getTypeName()"],"duration":1,"failureDetails":[],"failureMessages":[],"fullName":"IntelligentCompleter getTypeName() should return correct type for functions","invocations":1,"location":null,"numPassingAsserts":2,"retryReasons":[],"status":"passed","title":"should return correct type for functions"},{"ancestorTitles":["IntelligentCompleter","getObjectMetadata()"],"duration":0,"failureDetails":[],"failureMessages":[],"fullName":"IntelligentCompleter getObjectMetadata() should cache metadata for performance","invocations":1,"location":null,"numPassingAsserts":1,"retryReasons":[],"status":"passed","title":"should cache metadata for performance"},{"ancestorTitles":["IntelligentCompleter","getObjectMetadata()"],"duration":0,"failureDetails":[],"failureMessages":[],"fullName":"IntelligentCompleter getObjectMetadata() should include prototype chain information","invocations":1,"location":null,"numPassingAsserts":2,"retryReasons":[],"status":"passed","title":"should include prototype chain information"},{"ancestorTitles":["IntelligentCompleter","updateContext()"],"duration":0,"failureDetails":[],"failureMessages":[],"fullName":"IntelligentCompleter updateContext() should clear cache when context is updated","invocations":1,"location":null,"numPassingAsserts":1,"retryReasons":[],"status":"passed","title":"should clear cache when context is updated"},{"ancestorTitles":["IntelligentCompleter","updateContext()"],"duration":0,"failureDetails":[],"failureMessages":[],"fullName":"IntelligentCompleter updateContext() should use new context for completions","invocations":1,"location":null,"numPassingAsserts":1,"retryReasons":[],"status":"passed","title":"should use new context for completions"},{"ancestorTitles":["IntelligentCompleter","bracket notation completion"],"duration":0,"failureDetails":[],"failureMessages":[],"fullName":"IntelligentCompleter bracket notation completion should complete bracket notation with string keys","invocations":1,"location":null,"numPassingAsserts":3,"retryReasons":[],"status":"passed","title":"should complete bracket notation with string keys"},{"ancestorTitles":["IntelligentCompleter","getCompletions()"],"duration":1,"failureDetails":[],"failureMessages":[],"fullName":"IntelligentCompleter getCompletions() should return all completions for empty prefix","invocations":1,"location":null,"numPassingAsserts":2,"retryReasons":[],"status":"passed","title":"should return all completions for empty prefix"},{"ancestorTitles":["IntelligentCompleter","getCompletions()"],"duration":0,"failureDetails":[],"failureMessages":[],"fullName":"IntelligentCompleter getCompletions() should filter completions by prefix","invocations":1,"location":null,"numPassingAsserts":2,"retryReasons":[],"status":"passed","title":"should filter completions by prefix"},{"ancestorTitles":["createCompleter"],"duration":0,"failureDetails":[],"failureMessages":[],"fullName":"createCompleter should return a completer function","invocations":1,"location":null,"numPassingAsserts":1,"retryReasons":[],"status":"passed","title":"should return a completer function"},{"ancestorTitles":["createCompleter"],"duration":0,"failureDetails":[],"failureMessages":[],"fullName":"createCompleter should complete using the returned function","invocations":1,"location":null,"numPassingAsserts":1,"retryReasons":[],"status":"passed","title":"should complete using the returned function"},{"ancestorTitles":["addIntrospectionMethods"],"duration":0,"failureDetails":[],"failureMessages":[],"fullName":"addIntrospectionMethods should add info() method","invocations":1,"location":null,"numPassingAsserts":1,"retryReasons":[],"status":"passed","title":"should add info() method"},{"ancestorTitles":["addIntrospectionMethods"],"duration":0,"failureDetails":[],"failureMessages":[],"fullName":"addIntrospectionMethods should add methods() method","invocations":1,"location":null,"numPassingAsserts":1,"retryReasons":[],"status":"passed","title":"should add methods() method"},{"ancestorTitles":["addIntrospectionMethods"],"duration":0,"failureDetails":[],"failureMessages":[],"fullName":"addIntrospectionMethods should add props() method","invocations":1,"location":null,"numPassingAsserts":1,"retryReasons":[],"status":"passed","title":"should add props() method"},{"ancestorTitles":["addIntrospectionMethods"],"duration":0,"failureDetails":[],"failureMessages":[],"fullName":"addIntrospectionMethods should add type() method","invocations":1,"location":null,"numPassingAsserts":1,"retryReasons":[],"status":"passed","title":"should add type() method"},{"ancestorTitles":["addIntrospectionMethods"],"duration":1,"failureDetails":[],"failureMessages":[],"fullName":"addIntrospectionMethods info() should return metadata for string key","invocations":1,"location":null,"numPassingAsserts":2,"retryReasons":[],"status":"passed","title":"info() should return metadata for string key"},{"ancestorTitles":["addIntrospectionMethods"],"duration":0,"failureDetails":[],"failureMessages":[],"fullName":"addIntrospectionMethods info() should return metadata for object","invocations":1,"location":null,"numPassingAsserts":2,"retryReasons":[],"status":"passed","title":"info() should return metadata for object"},{"ancestorTitles":["addIntrospectionMethods"],"duration":0,"failureDetails":[],"failureMessages":[],"fullName":"addIntrospectionMethods methods() should list all methods","invocations":1,"location":null,"numPassingAsserts":3,"retryReasons":[],"status":"passed","title":"methods() should list all methods"},{"ancestorTitles":["addIntrospectionMethods"],"duration":0,"failureDetails":[],"failureMessages":[],"fullName":"addIntrospectionMethods props() should list all non-method properties","invocations":1,"location":null,"numPassingAsserts":2,"retryReasons":[],"status":"passed","title":"props() should list all non-method properties"},{"ancestorTitles":["addIntrospectionMethods"],"duration":0,"failureDetails":[],"failureMessages":[],"fullName":"addIntrospectionMethods type() should return type for string key","invocations":1,"location":null,"numPassingAsserts":1,"retryReasons":[],"status":"passed","title":"type() should return type for string key"},{"ancestorTitles":["addIntrospectionMethods"],"duration":0,"failureDetails":[],"failureMessages":[],"fullName":"addIntrospectionMethods type() should return type for value","invocations":1,"location":null,"numPassingAsserts":1,"retryReasons":[],"status":"passed","title":"type() should return type for value"}],"endTime":1774720942469,"message":"","name":"/Users/tebo1993/Desktop/EFTECH93/node-console/tests/autocomplete.test.ts","startTime":1774720942419,"status":"passed","summary":""},{"assertionResults":[{"ancestorTitles":["Request Utilities","parseQuery()"],"duration":1,"failureDetails":[],"failureMessages":[],"fullName":"Request Utilities parseQuery() should parse query string without leading ?","invocations":1,"location":null,"numPassingAsserts":1,"retryReasons":[],"status":"passed","title":"should parse query string without leading ?"},{"ancestorTitles":["Request Utilities","parseQuery()"],"duration":0,"failureDetails":[],"failureMessages":[],"fullName":"Request Utilities parseQuery() should parse query string with leading ?","invocations":1,"location":null,"numPassingAsserts":1,"retryReasons":[],"status":"passed","title":"should parse query string with leading ?"},{"ancestorTitles":["Request Utilities","parseQuery()"],"duration":0,"failureDetails":[],"failureMessages":[],"fullName":"Request Utilities parseQuery() should handle empty string","invocations":1,"location":null,"numPassingAsserts":2,"retryReasons":[],"status":"passed","title":"should handle empty string"},{"ancestorTitles":["Request Utilities","parseQuery()"],"duration":1,"failureDetails":[],"failureMessages":[],"fullName":"Request Utilities parseQuery() should decode URL-encoded values","invocations":1,"location":null,"numPassingAsserts":1,"retryReasons":[],"status":"passed","title":"should decode URL-encoded values"},{"ancestorTitles":["Request Utilities","parseQuery()"],"duration":0,"failureDetails":[],"failureMessages":[],"fullName":"Request Utilities parseQuery() should handle duplicate keys (last wins)","invocations":1,"location":null,"numPassingAsserts":1,"retryReasons":[],"status":"passed","title":"should handle duplicate keys (last wins)"},{"ancestorTitles":["Request Utilities","parseQuery()"],"duration":0,"failureDetails":[],"failureMessages":[],"fullName":"Request Utilities parseQuery() should handle values with = in them","invocations":1,"location":null,"numPassingAsserts":1,"retryReasons":[],"status":"passed","title":"should handle values with = in them"},{"ancestorTitles":["Request Utilities","parseQuery()"],"duration":0,"failureDetails":[],"failureMessages":[],"fullName":"Request Utilities parseQuery() should handle empty values","invocations":1,"location":null,"numPassingAsserts":1,"retryReasons":[],"status":"passed","title":"should handle empty values"},{"ancestorTitles":["Request Utilities","parseQuery()"],"duration":0,"failureDetails":[],"failureMessages":[],"fullName":"Request Utilities parseQuery() should handle keys without values","invocations":1,"location":null,"numPassingAsserts":1,"retryReasons":[],"status":"passed","title":"should handle keys without values"},{"ancestorTitles":["Request Utilities","buildQuery()"],"duration":0,"failureDetails":[],"failureMessages":[],"fullName":"Request Utilities buildQuery() should build query string from object","invocations":1,"location":null,"numPassingAsserts":1,"retryReasons":[],"status":"passed","title":"should build query string from object"},{"ancestorTitles":["Request Utilities","buildQuery()"],"duration":1,"failureDetails":[],"failureMessages":[],"fullName":"Request Utilities buildQuery() should encode values","invocations":1,"location":null,"numPassingAsserts":1,"retryReasons":[],"status":"passed","title":"should encode values"},{"ancestorTitles":["Request Utilities","buildQuery()"],"duration":0,"failureDetails":[],"failureMessages":[],"fullName":"Request Utilities buildQuery() should handle empty object","invocations":1,"location":null,"numPassingAsserts":1,"retryReasons":[],"status":"passed","title":"should handle empty object"},{"ancestorTitles":["Request Utilities","buildQuery()"],"duration":0,"failureDetails":[],"failureMessages":[],"fullName":"Request Utilities buildQuery() should handle numbers","invocations":1,"location":null,"numPassingAsserts":1,"retryReasons":[],"status":"passed","title":"should handle numbers"},{"ancestorTitles":["Request Utilities","buildQuery()"],"duration":0,"failureDetails":[],"failureMessages":[],"fullName":"Request Utilities buildQuery() should handle booleans","invocations":1,"location":null,"numPassingAsserts":1,"retryReasons":[],"status":"passed","title":"should handle booleans"},{"ancestorTitles":["Request Utilities","extractPathParams()"],"duration":0,"failureDetails":[],"failureMessages":[],"fullName":"Request Utilities extractPathParams() should extract named parameters","invocations":1,"location":null,"numPassingAsserts":1,"retryReasons":[],"status":"passed","title":"should extract named parameters"},{"ancestorTitles":["Request Utilities","extractPathParams()"],"duration":0,"failureDetails":[],"failureMessages":[],"fullName":"Request Utilities extractPathParams() should handle single parameter","invocations":1,"location":null,"numPassingAsserts":1,"retryReasons":[],"status":"passed","title":"should handle single parameter"},{"ancestorTitles":["Request Utilities","extractPathParams()"],"duration":1,"failureDetails":[],"failureMessages":[],"fullName":"Request Utilities extractPathParams() should return null if path does not match","invocations":1,"location":null,"numPassingAsserts":1,"retryReasons":[],"status":"passed","title":"should return null if path does not match"},{"ancestorTitles":["Request Utilities","extractPathParams()"],"duration":0,"failureDetails":[],"failureMessages":[],"fullName":"Request Utilities extractPathParams() should handle empty pattern","invocations":1,"location":null,"numPassingAsserts":1,"retryReasons":[],"status":"passed","title":"should handle empty pattern"},{"ancestorTitles":["Request Utilities","extractPathParams()"],"duration":0,"failureDetails":[],"failureMessages":[],"fullName":"Request Utilities extractPathParams() should handle pattern without parameters","invocations":1,"location":null,"numPassingAsserts":1,"retryReasons":[],"status":"passed","title":"should handle pattern without parameters"},{"ancestorTitles":["Request Utilities","buildUrl()"],"duration":0,"failureDetails":[],"failureMessages":[],"fullName":"Request Utilities buildUrl() should build URL with path parameters","invocations":1,"location":null,"numPassingAsserts":1,"retryReasons":[],"status":"passed","title":"should build URL with path parameters"},{"ancestorTitles":["Request Utilities","buildUrl()"],"duration":0,"failureDetails":[],"failureMessages":[],"fullName":"Request Utilities buildUrl() should handle multiple parameters","invocations":1,"location":null,"numPassingAsserts":1,"retryReasons":[],"status":"passed","title":"should handle multiple parameters"},{"ancestorTitles":["Request Utilities","buildUrl()"],"duration":0,"failureDetails":[],"failureMessages":[],"fullName":"Request Utilities buildUrl() should handle Next.js style parameters","invocations":1,"location":null,"numPassingAsserts":1,"retryReasons":[],"status":"passed","title":"should handle Next.js style parameters"},{"ancestorTitles":["Request Utilities","buildUrl()"],"duration":0,"failureDetails":[],"failureMessages":[],"fullName":"Request Utilities buildUrl() should leave unmatched parameters as-is","invocations":1,"location":null,"numPassingAsserts":1,"retryReasons":[],"status":"passed","title":"should leave unmatched parameters as-is"},{"ancestorTitles":["Request Utilities","buildUrl()"],"duration":0,"failureDetails":[],"failureMessages":[],"fullName":"Request Utilities buildUrl() should handle numeric parameters","invocations":1,"location":null,"numPassingAsserts":1,"retryReasons":[],"status":"passed","title":"should handle numeric parameters"},{"ancestorTitles":["Request Utilities","safeJsonParse()"],"duration":0,"failureDetails":[],"failureMessages":[],"fullName":"Request Utilities safeJsonParse() should parse valid JSON string","invocations":1,"location":null,"numPassingAsserts":1,"retryReasons":[],"status":"passed","title":"should parse valid JSON string"},{"ancestorTitles":["Request Utilities","safeJsonParse()"],"duration":0,"failureDetails":[],"failureMessages":[],"fullName":"Request Utilities safeJsonParse() should parse JSON array","invocations":1,"location":null,"numPassingAsserts":1,"retryReasons":[],"status":"passed","title":"should parse JSON array"},{"ancestorTitles":["Request Utilities","safeJsonParse()"],"duration":1,"failureDetails":[],"failureMessages":[],"fullName":"Request Utilities safeJsonParse() should return default value on invalid JSON","invocations":1,"location":null,"numPassingAsserts":1,"retryReasons":[],"status":"passed","title":"should return default value on invalid JSON"},{"ancestorTitles":["Request Utilities","safeJsonParse()"],"duration":0,"failureDetails":[],"failureMessages":[],"fullName":"Request Utilities safeJsonParse() should return undefined as default if not specified","invocations":1,"location":null,"numPassingAsserts":1,"retryReasons":[],"status":"passed","title":"should return undefined as default if not specified"},{"ancestorTitles":["Request Utilities","safeJsonParse()"],"duration":0,"failureDetails":[],"failureMessages":[],"fullName":"Request Utilities safeJsonParse() should handle empty string","invocations":1,"location":null,"numPassingAsserts":1,"retryReasons":[],"status":"passed","title":"should handle empty string"},{"ancestorTitles":["Request Utilities","safeJsonParse()"],"duration":1,"failureDetails":[],"failureMessages":[],"fullName":"Request Utilities safeJsonParse() should parse JSON with nested objects","invocations":1,"location":null,"numPassingAsserts":1,"retryReasons":[],"status":"passed","title":"should parse JSON with nested objects"},{"ancestorTitles":["Request Utilities","safeJsonStringify()"],"duration":0,"failureDetails":[],"failureMessages":[],"fullName":"Request Utilities safeJsonStringify() should stringify object","invocations":1,"location":null,"numPassingAsserts":1,"retryReasons":[],"status":"passed","title":"should stringify object"},{"ancestorTitles":["Request Utilities","safeJsonStringify()"],"duration":0,"failureDetails":[],"failureMessages":[],"fullName":"Request Utilities safeJsonStringify() should stringify array","invocations":1,"location":null,"numPassingAsserts":1,"retryReasons":[],"status":"passed","title":"should stringify array"},{"ancestorTitles":["Request Utilities","safeJsonStringify()"],"duration":1,"failureDetails":[],"failureMessages":[],"fullName":"Request Utilities safeJsonStringify() should handle circular reference","invocations":1,"location":null,"numPassingAsserts":1,"retryReasons":[],"status":"passed","title":"should handle circular reference"},{"ancestorTitles":["Request Utilities","safeJsonStringify()"],"duration":0,"failureDetails":[],"failureMessages":[],"fullName":"Request Utilities safeJsonStringify() should handle null input","invocations":1,"location":null,"numPassingAsserts":1,"retryReasons":[],"status":"passed","title":"should handle null input"},{"ancestorTitles":["Request Utilities","safeJsonStringify()"],"duration":4,"failureDetails":[],"failureMessages":[],"fullName":"Request Utilities safeJsonStringify() should handle undefined input","invocations":1,"location":null,"numPassingAsserts":1,"retryReasons":[],"status":"passed","title":"should handle undefined input"},{"ancestorTitles":["Request Utilities","safeJsonStringify()"],"duration":0,"failureDetails":[],"failureMessages":[],"fullName":"Request Utilities safeJsonStringify() should handle bigint values","invocations":1,"location":null,"numPassingAsserts":1,"retryReasons":[],"status":"passed","title":"should handle bigint values"},{"ancestorTitles":["Request Utilities","safeJsonStringify()"],"duration":0,"failureDetails":[],"failureMessages":[],"fullName":"Request Utilities safeJsonStringify() should use space parameter for formatting","invocations":1,"location":null,"numPassingAsserts":2,"retryReasons":[],"status":"passed","title":"should use space parameter for formatting"}],"endTime":1774720942525,"message":"","name":"/Users/tebo1993/Desktop/EFTECH93/node-console/tests/request-utils.test.ts","startTime":1774720942416,"status":"passed","summary":""},{"assertionResults":[{"ancestorTitles":["ExpressConsole","constructor"],"duration":7,"failureDetails":[],"failureMessages":[],"fullName":"ExpressConsole constructor should initialize with default options","invocations":1,"location":null,"numPassingAsserts":4,"retryReasons":[],"status":"passed","title":"should initialize with default options"},{"ancestorTitles":["ExpressConsole","constructor"],"duration":1,"failureDetails":[],"failureMessages":[],"fullName":"ExpressConsole constructor should accept custom options","invocations":1,"location":null,"numPassingAsserts":4,"retryReasons":[],"status":"passed","title":"should accept custom options"},{"ancestorTitles":["ExpressConsole","constructor"],"duration":1,"failureDetails":[],"failureMessages":[],"fullName":"ExpressConsole constructor should create an AppLoader instance","invocations":1,"location":null,"numPassingAsserts":2,"retryReasons":[],"status":"passed","title":"should create an AppLoader instance"},{"ancestorTitles":["ExpressConsole","printBanner"],"duration":1,"failureDetails":[],"failureMessages":[],"fullName":"ExpressConsole printBanner should print the banner without error","invocations":1,"location":null,"numPassingAsserts":1,"retryReasons":[],"status":"passed","title":"should print the banner without error"},{"ancestorTitles":["ExpressConsole","createCompleter"],"duration":1,"failureDetails":[],"failureMessages":[],"fullName":"ExpressConsole createCompleter should return a completer function","invocations":1,"location":null,"numPassingAsserts":3,"retryReasons":[],"status":"passed","title":"should return a completer function"},{"ancestorTitles":["ExpressConsole","outputWriter"],"duration":1,"failureDetails":[],"failureMessages":[],"fullName":"ExpressConsole outputWriter should format undefined","invocations":1,"location":null,"numPassingAsserts":1,"retryReasons":[],"status":"passed","title":"should format undefined"},{"ancestorTitles":["ExpressConsole","outputWriter"],"duration":1,"failureDetails":[],"failureMessages":[],"fullName":"ExpressConsole outputWriter should format null","invocations":1,"location":null,"numPassingAsserts":1,"retryReasons":[],"status":"passed","title":"should format null"},{"ancestorTitles":["ExpressConsole","outputWriter"],"duration":0,"failureDetails":[],"failureMessages":[],"fullName":"ExpressConsole outputWriter should format strings","invocations":1,"location":null,"numPassingAsserts":1,"retryReasons":[],"status":"passed","title":"should format strings"},{"ancestorTitles":["ExpressConsole","outputWriter"],"duration":0,"failureDetails":[],"failureMessages":[],"fullName":"ExpressConsole outputWriter should format numbers","invocations":1,"location":null,"numPassingAsserts":1,"retryReasons":[],"status":"passed","title":"should format numbers"},{"ancestorTitles":["ExpressConsole","outputWriter"],"duration":1,"failureDetails":[],"failureMessages":[],"fullName":"ExpressConsole outputWriter should format booleans","invocations":1,"location":null,"numPassingAsserts":1,"retryReasons":[],"status":"passed","title":"should format booleans"},{"ancestorTitles":["ExpressConsole","outputWriter"],"duration":1,"failureDetails":[],"failureMessages":[],"fullName":"ExpressConsole outputWriter should format functions","invocations":1,"location":null,"numPassingAsserts":2,"retryReasons":[],"status":"passed","title":"should format functions"},{"ancestorTitles":["ExpressConsole","outputWriter"],"duration":22,"failureDetails":[],"failureMessages":[],"fullName":"ExpressConsole outputWriter should format Dates","invocations":1,"location":null,"numPassingAsserts":1,"retryReasons":[],"status":"passed","title":"should format Dates"},{"ancestorTitles":["ExpressConsole","outputWriter"],"duration":3,"failureDetails":[],"failureMessages":[],"fullName":"ExpressConsole outputWriter should format arrays","invocations":1,"location":null,"numPassingAsserts":3,"retryReasons":[],"status":"passed","title":"should format arrays"},{"ancestorTitles":["ExpressConsole","outputWriter"],"duration":1,"failureDetails":[],"failureMessages":[],"fullName":"ExpressConsole outputWriter should format objects","invocations":1,"location":null,"numPassingAsserts":2,"retryReasons":[],"status":"passed","title":"should format objects"},{"ancestorTitles":["ExpressConsole","outputWriter"],"duration":0,"failureDetails":[],"failureMessages":[],"fullName":"ExpressConsole outputWriter should truncate long objects","invocations":1,"location":null,"numPassingAsserts":1,"retryReasons":[],"status":"passed","title":"should truncate long objects"},{"ancestorTitles":["ExpressConsole","outputWriter"],"duration":0,"failureDetails":[],"failureMessages":[],"fullName":"ExpressConsole outputWriter should handle circular references","invocations":1,"location":null,"numPassingAsserts":1,"retryReasons":[],"status":"passed","title":"should handle circular references"},{"ancestorTitles":["ExpressConsole","setupHistory"],"duration":1,"failureDetails":[],"failureMessages":[],"fullName":"ExpressConsole setupHistory should load existing history file","invocations":1,"location":null,"numPassingAsserts":2,"retryReasons":[],"status":"passed","title":"should load existing history file"},{"ancestorTitles":["ExpressConsole","setupHistory"],"duration":0,"failureDetails":[],"failureMessages":[],"fullName":"ExpressConsole setupHistory should handle missing history file gracefully","invocations":1,"location":null,"numPassingAsserts":1,"retryReasons":[],"status":"passed","title":"should handle missing history file gracefully"},{"ancestorTitles":["ExpressConsole","setupHistory"],"duration":0,"failureDetails":[],"failureMessages":[],"fullName":"ExpressConsole setupHistory should skip duplicate history entries","invocations":1,"location":null,"numPassingAsserts":1,"retryReasons":[],"status":"passed","title":"should skip duplicate history entries"},{"ancestorTitles":["ExpressConsole","saveHistory"],"duration":1,"failureDetails":[],"failureMessages":[],"fullName":"ExpressConsole saveHistory should save history to file","invocations":1,"location":null,"numPassingAsserts":3,"retryReasons":[],"status":"passed","title":"should save history to file"},{"ancestorTitles":["ExpressConsole","saveHistory"],"duration":3,"failureDetails":[],"failureMessages":[],"fullName":"ExpressConsole saveHistory should limit history to 1000 entries","invocations":1,"location":null,"numPassingAsserts":1,"retryReasons":[],"status":"passed","title":"should limit history to 1000 entries"},{"ancestorTitles":["ExpressConsole","saveHistory"],"duration":0,"failureDetails":[],"failureMessages":[],"fullName":"ExpressConsole saveHistory should handle write errors gracefully","invocations":1,"location":null,"numPassingAsserts":1,"retryReasons":[],"status":"passed","title":"should handle write errors gracefully"},{"ancestorTitles":["ExpressConsole","defineCommands"],"duration":5,"failureDetails":[],"failureMessages":[],"fullName":"ExpressConsole defineCommands should define all REPL commands","invocations":1,"location":null,"numPassingAsserts":8,"retryReasons":[],"status":"passed","title":"should define all REPL commands"},{"ancestorTitles":["ExpressConsole","start"],"duration":96,"failureDetails":[],"failureMessages":[],"fullName":"ExpressConsole start should start the console","invocations":1,"location":null,"numPassingAsserts":2,"retryReasons":[],"status":"passed","title":"should start the console"},{"ancestorTitles":["ExpressConsole","start"],"duration":18,"failureDetails":[],"failureMessages":[],"fullName":"ExpressConsole start should add introspection methods to context","invocations":1,"location":null,"numPassingAsserts":4,"retryReasons":[],"status":"passed","title":"should add introspection methods to context"},{"ancestorTitles":["ExpressConsole","start"],"duration":25,"failureDetails":[],"failureMessages":[],"fullName":"ExpressConsole start should handle load errors gracefully","invocations":1,"location":null,"numPassingAsserts":1,"retryReasons":[],"status":"passed","title":"should handle load errors gracefully"}],"endTime":1774720942545,"message":"","name":"/Users/tebo1993/Desktop/EFTECH93/node-console/tests/console.test.ts","startTime":1774720940540,"status":"passed","summary":""},{"assertionResults":[{"ancestorTitles":["AppLoader","constructor"],"duration":2,"failureDetails":[],"failureMessages":[],"fullName":"AppLoader constructor should initialize with default values","invocations":1,"location":null,"numPassingAsserts":3,"retryReasons":[],"status":"passed","title":"should initialize with default values"},{"ancestorTitles":["AppLoader","constructor"],"duration":2,"failureDetails":[],"failureMessages":[],"fullName":"AppLoader constructor should initialize with provided options","invocations":1,"location":null,"numPassingAsserts":2,"retryReasons":[],"status":"passed","title":"should initialize with provided options"},{"ancestorTitles":["AppLoader","loadEnvironment"],"duration":0,"failureDetails":[],"failureMessages":[],"fullName":"AppLoader loadEnvironment should set env and NODE_ENV in context","invocations":1,"location":null,"numPassingAsserts":2,"retryReasons":[],"status":"passed","title":"should set env and NODE_ENV in context"},{"ancestorTitles":["AppLoader","loadEnvironment"],"duration":17,"failureDetails":[],"failureMessages":[],"fullName":"AppLoader loadEnvironment should load .env file if it exists","invocations":1,"location":null,"numPassingAsserts":1,"retryReasons":[],"status":"passed","title":"should load .env file if it exists"},{"ancestorTitles":["AppLoader","loadConfigs"],"duration":3,"failureDetails":[],"failureMessages":[],"fullName":"AppLoader loadConfigs should load config files from config directory","invocations":1,"location":null,"numPassingAsserts":3,"retryReasons":[],"status":"passed","title":"should load config files from config directory"},{"ancestorTitles":["AppLoader","loadConfigs"],"duration":0,"failureDetails":[],"failureMessages":[],"fullName":"AppLoader loadConfigs should handle missing config directory gracefully","invocations":1,"location":null,"numPassingAsserts":1,"retryReasons":[],"status":"passed","title":"should handle missing config directory gracefully"},{"ancestorTitles":["AppLoader","loadConfigs"],"duration":2,"failureDetails":[],"failureMessages":[],"fullName":"AppLoader loadConfigs should skip config files that fail to load","invocations":1,"location":null,"numPassingAsserts":2,"retryReasons":[],"status":"passed","title":"should skip config files that fail to load"},{"ancestorTitles":["AppLoader","loadModels"],"duration":11,"failureDetails":[],"failureMessages":[],"fullName":"AppLoader loadModels should load models from models directory","invocations":1,"location":null,"numPassingAsserts":3,"retryReasons":[],"status":"passed","title":"should load models from models directory"},{"ancestorTitles":["AppLoader","loadModels"],"duration":8,"failureDetails":[],"failureMessages":[],"fullName":"AppLoader loadModels should also load from app/models directory","invocations":1,"location":null,"numPassingAsserts":1,"retryReasons":[],"status":"passed","title":"should also load from app/models directory"},{"ancestorTitles":["AppLoader","loadModels"],"duration":2,"failureDetails":[],"failureMessages":[],"fullName":"AppLoader loadModels should create pluralized aliases for models","invocations":1,"location":null,"numPassingAsserts":3,"retryReasons":[],"status":"passed","title":"should create pluralized aliases for models"},{"ancestorTitles":["AppLoader","loadModels"],"duration":0,"failureDetails":[],"failureMessages":[],"fullName":"AppLoader loadModels should handle missing models directory gracefully","invocations":1,"location":null,"numPassingAsserts":1,"retryReasons":[],"status":"passed","title":"should handle missing models directory gracefully"},{"ancestorTitles":["AppLoader","loadServices"],"duration":2,"failureDetails":[],"failureMessages":[],"fullName":"AppLoader loadServices should load services from services directory","invocations":1,"location":null,"numPassingAsserts":2,"retryReasons":[],"status":"passed","title":"should load services from services directory"},{"ancestorTitles":["AppLoader","loadServices"],"duration":2,"failureDetails":[],"failureMessages":[],"fullName":"AppLoader loadServices should load from app/services directory","invocations":1,"location":null,"numPassingAsserts":1,"retryReasons":[],"status":"passed","title":"should load from app/services directory"},{"ancestorTitles":["AppLoader","loadServices"],"duration":30,"failureDetails":[],"failureMessages":[],"fullName":"AppLoader loadServices should handle service names with Service suffix","invocations":1,"location":null,"numPassingAsserts":2,"retryReasons":[],"status":"passed","title":"should handle service names with Service suffix"},{"ancestorTitles":["AppLoader","loadHelpers"],"duration":3,"failureDetails":[],"failureMessages":[],"fullName":"AppLoader loadHelpers should load helpers from helpers directory","invocations":1,"location":null,"numPassingAsserts":1,"retryReasons":[],"status":"passed","title":"should load helpers from helpers directory"},{"ancestorTitles":["AppLoader","loadHelpers"],"duration":14,"failureDetails":[],"failureMessages":[],"fullName":"AppLoader loadHelpers should load from utils directory","invocations":1,"location":null,"numPassingAsserts":1,"retryReasons":[],"status":"passed","title":"should load from utils directory"},{"ancestorTitles":["AppLoader","utility methods","pluralize"],"duration":1,"failureDetails":[],"failureMessages":[],"fullName":"AppLoader utility methods pluralize should pluralize regular nouns","invocations":1,"location":null,"numPassingAsserts":2,"retryReasons":[],"status":"passed","title":"should pluralize regular nouns"},{"ancestorTitles":["AppLoader","utility methods","pluralize"],"duration":1,"failureDetails":[],"failureMessages":[],"fullName":"AppLoader utility methods pluralize should handle words ending in y","invocations":1,"location":null,"numPassingAsserts":2,"retryReasons":[],"status":"passed","title":"should handle words ending in y"},{"ancestorTitles":["AppLoader","utility methods","pluralize"],"duration":2,"failureDetails":[],"failureMessages":[],"fullName":"AppLoader utility methods pluralize should handle words ending in s, x, ch","invocations":1,"location":null,"numPassingAsserts":3,"retryReasons":[],"status":"passed","title":"should handle words ending in s, x, ch"},{"ancestorTitles":["AppLoader","utility methods","toCamelCase"],"duration":2,"failureDetails":[],"failureMessages":[],"fullName":"AppLoader utility methods toCamelCase should convert PascalCase to camelCase","invocations":1,"location":null,"numPassingAsserts":2,"retryReasons":[],"status":"passed","title":"should convert PascalCase to camelCase"},{"ancestorTitles":["AppLoader","utility methods","toCamelCase"],"duration":1,"failureDetails":[],"failureMessages":[],"fullName":"AppLoader utility methods toCamelCase should convert snake_case to camelCase","invocations":1,"location":null,"numPassingAsserts":2,"retryReasons":[],"status":"passed","title":"should convert snake_case to camelCase"},{"ancestorTitles":["AppLoader","utility methods","toCamelCase"],"duration":4,"failureDetails":[],"failureMessages":[],"fullName":"AppLoader utility methods toCamelCase should convert kebab-case to camelCase","invocations":1,"location":null,"numPassingAsserts":2,"retryReasons":[],"status":"passed","title":"should convert kebab-case to camelCase"},{"ancestorTitles":["AppLoader","utility methods","toCamelCase"],"duration":0,"failureDetails":[],"failureMessages":[],"fullName":"AppLoader utility methods toCamelCase should handle spaces","invocations":1,"location":null,"numPassingAsserts":1,"retryReasons":[],"status":"passed","title":"should handle spaces"},{"ancestorTitles":["AppLoader","utility methods","getHelpText"],"duration":2,"failureDetails":[],"failureMessages":[],"fullName":"AppLoader utility methods getHelpText should return help text with available context","invocations":1,"location":null,"numPassingAsserts":3,"retryReasons":[],"status":"passed","title":"should return help text with available context"},{"ancestorTitles":["AppLoader","full load"],"duration":41,"failureDetails":[],"failureMessages":[],"fullName":"AppLoader full load should load all components","invocations":1,"location":null,"numPassingAsserts":5,"retryReasons":[],"status":"passed","title":"should load all components"}],"endTime":1774720942622,"message":"","name":"/Users/tebo1993/Desktop/EFTECH93/node-console/tests/loader.test.ts","startTime":1774720942347,"status":"passed","summary":""},{"assertionResults":[{"ancestorTitles":["ExpressConsole - Advanced","constructor"],"duration":33,"failureDetails":[],"failureMessages":[],"fullName":"ExpressConsole - Advanced constructor should use default options when none provided","invocations":1,"location":null,"numPassingAsserts":3,"retryReasons":[],"status":"passed","title":"should use default options when none provided"},{"ancestorTitles":["ExpressConsole - Advanced","constructor"],"duration":2,"failureDetails":[],"failureMessages":[],"fullName":"ExpressConsole - Advanced constructor should merge provided options with defaults","invocations":1,"location":null,"numPassingAsserts":4,"retryReasons":[],"status":"passed","title":"should merge provided options with defaults"},{"ancestorTitles":["ExpressConsole - Advanced","constructor"],"duration":1,"failureDetails":[],"failureMessages":[],"fullName":"ExpressConsole - Advanced constructor should initialize with forceExpress option","invocations":1,"location":null,"numPassingAsserts":1,"retryReasons":[],"status":"passed","title":"should initialize with forceExpress option"},{"ancestorTitles":["ExpressConsole - Advanced","constructor"],"duration":9,"failureDetails":[],"failureMessages":[],"fullName":"ExpressConsole - Advanced constructor should set custom context","invocations":1,"location":null,"numPassingAsserts":1,"retryReasons":[],"status":"passed","title":"should set custom context"},{"ancestorTitles":["ExpressConsole - Advanced","constructor"],"duration":4,"failureDetails":[],"failureMessages":[],"fullName":"ExpressConsole - Advanced constructor should set custom directories","invocations":1,"location":null,"numPassingAsserts":4,"retryReasons":[],"status":"passed","title":"should set custom directories"},{"ancestorTitles":["ExpressConsole - Advanced","constructor"],"duration":0,"failureDetails":[],"failureMessages":[],"fullName":"ExpressConsole - Advanced constructor should set custom history file","invocations":1,"location":null,"numPassingAsserts":1,"retryReasons":[],"status":"passed","title":"should set custom history file"},{"ancestorTitles":["ExpressConsole - Advanced","constructor"],"duration":1,"failureDetails":[],"failureMessages":[],"fullName":"ExpressConsole - Advanced constructor should set preload files","invocations":1,"location":null,"numPassingAsserts":1,"retryReasons":[],"status":"passed","title":"should set preload files"},{"ancestorTitles":["ExpressConsole - Advanced","outputWriter"],"duration":7,"failureDetails":[],"failureMessages":[],"fullName":"ExpressConsole - Advanced outputWriter should format undefined values","invocations":1,"location":null,"numPassingAsserts":1,"retryReasons":[],"status":"passed","title":"should format undefined values"},{"ancestorTitles":["ExpressConsole - Advanced","outputWriter"],"duration":6,"failureDetails":[],"failureMessages":[],"fullName":"ExpressConsole - Advanced outputWriter should format null values","invocations":1,"location":null,"numPassingAsserts":1,"retryReasons":[],"status":"passed","title":"should format null values"},{"ancestorTitles":["ExpressConsole - Advanced","outputWriter"],"duration":11,"failureDetails":[],"failureMessages":[],"fullName":"ExpressConsole - Advanced outputWriter should format string values","invocations":1,"location":null,"numPassingAsserts":2,"retryReasons":[],"status":"passed","title":"should format string values"},{"ancestorTitles":["ExpressConsole - Advanced","outputWriter"],"duration":1,"failureDetails":[],"failureMessages":[],"fullName":"ExpressConsole - Advanced outputWriter should format number values","invocations":1,"location":null,"numPassingAsserts":1,"retryReasons":[],"status":"passed","title":"should format number values"},{"ancestorTitles":["ExpressConsole - Advanced","outputWriter"],"duration":26,"failureDetails":[],"failureMessages":[],"fullName":"ExpressConsole - Advanced outputWriter should format boolean values","invocations":1,"location":null,"numPassingAsserts":2,"retryReasons":[],"status":"passed","title":"should format boolean values"},{"ancestorTitles":["ExpressConsole - Advanced","outputWriter"],"duration":60,"failureDetails":[],"failureMessages":[],"fullName":"ExpressConsole - Advanced outputWriter should format Date objects","invocations":1,"location":null,"numPassingAsserts":1,"retryReasons":[],"status":"passed","title":"should format Date objects"},{"ancestorTitles":["ExpressConsole - Advanced","outputWriter"],"duration":1,"failureDetails":[],"failureMessages":[],"fullName":"ExpressConsole - Advanced outputWriter should format arrays","invocations":1,"location":null,"numPassingAsserts":3,"retryReasons":[],"status":"passed","title":"should format arrays"},{"ancestorTitles":["ExpressConsole - Advanced","outputWriter"],"duration":10,"failureDetails":[],"failureMessages":[],"fullName":"ExpressConsole - Advanced outputWriter should format objects","invocations":1,"location":null,"numPassingAsserts":2,"retryReasons":[],"status":"passed","title":"should format objects"},{"ancestorTitles":["ExpressConsole - Advanced","outputWriter"],"duration":8,"failureDetails":[],"failureMessages":[],"fullName":"ExpressConsole - Advanced outputWriter should truncate long outputs","invocations":1,"location":null,"numPassingAsserts":2,"retryReasons":[],"status":"passed","title":"should truncate long outputs"},{"ancestorTitles":["ExpressConsole - Advanced","outputWriter"],"duration":20,"failureDetails":[],"failureMessages":[],"fullName":"ExpressConsole - Advanced outputWriter should handle circular references","invocations":1,"location":null,"numPassingAsserts":1,"retryReasons":[],"status":"passed","title":"should handle circular references"},{"ancestorTitles":["ExpressConsole - Advanced","outputWriter"],"duration":1,"failureDetails":[],"failureMessages":[],"fullName":"ExpressConsole - Advanced outputWriter should handle functions","invocations":1,"location":null,"numPassingAsserts":1,"retryReasons":[],"status":"passed","title":"should handle functions"},{"ancestorTitles":["ExpressConsole - Advanced","outputWriter"],"duration":0,"failureDetails":[],"failureMessages":[],"fullName":"ExpressConsole - Advanced outputWriter should handle anonymous functions","invocations":1,"location":null,"numPassingAsserts":1,"retryReasons":[],"status":"passed","title":"should handle anonymous functions"},{"ancestorTitles":["ExpressConsole - Advanced","setupHistory"],"duration":1,"failureDetails":[],"failureMessages":[],"fullName":"ExpressConsole - Advanced setupHistory should handle missing history file gracefully","invocations":1,"location":null,"numPassingAsserts":1,"retryReasons":[],"status":"passed","title":"should handle missing history file gracefully"},{"ancestorTitles":["ExpressConsole - Advanced","setupHistory"],"duration":0,"failureDetails":[],"fa
[...]
Details":[],"failureMessages":[],"fullName":"Timing Helpers retry() should return result on first success","invocations":1,"location":null,"numPassingAsserts":2,"retryReasons":[],"status":"passed","title":"should return result on first success"},{"ancestorTitles":["Timing Helpers","retry()"],"duration":23,"failureDetails":[],"failureMessages":[],"fullName":"Timing Helpers retry() should retry on failure and eventually succeed","invocations":1,"location":null,"numPassingAsserts":2,"retryReasons":[],"status":"passed","title":"should retry on failure and eventually succeed"},{"ancestorTitles":["Timing Helpers","retry()"],"duration":25,"failureDetails":[],"failureMessages":[],"fullName":"Timing Helpers retry() should throw after max attempts","invocations":1,"location":null,"numPassingAsserts":2,"retryReasons":[],"status":"passed","title":"should throw after max attempts"},{"ancestorTitles":["Timing Helpers","retry()"],"duration":102,"failureDetails":[],"failureMessages":[],"fullName":"Timing Helpers retry() should respect delay between attempts","invocations":1,"location":null,"numPassingAsserts":1,"retryReasons":[],"status":"passed","title":"should respect delay between attempts"},{"ancestorTitles":["Timing Helpers","retry()"],"duration":0,"failureDetails":[],"failureMessages":[],"fullName":"Timing Helpers retry() should handle asynchronous functions","invocations":1,"location":null,"numPassingAsserts":1,"retryReasons":[],"status":"passed","title":"should handle asynchronous functions"}],"endTime":1774720943097,"message":"  ● Timing Helpers › sleep() › should delay execution for specified milliseconds\n\n    expect(received).toBeLessThan(expected)\n\n    Expected: < 200\n    Received:   269\n\n      13 |       \n      14 |       expect(elapsed).toBeGreaterThanOrEqual(90);\n    > 15 |       expect(elapsed).toBeLessThan(200);\n         |                       ^\n      16 |     });\n      17 |\n      18 |     it('should resolve with undefined', async () => {\n\n      at Object.<anonymous> (tests/timing-helper.test.ts:15:23)\n","name":"/Users/tebo1993/Desktop/EFTECH93/node-console/tests/timing-helper.test.ts","startTime":1774720940544,"status":"failed","summary":""},{"assertionResults":[{"ancestorTitles":["NestJSLoader","isNestJSProject"],"duration":2,"failureDetails":[],"failureMessages":[],"fullName":"NestJSLoader isNestJSProject should detect NestJS by nest-cli.json","invocations":1,"location":null,"numPassingAsserts":1,"retryReasons":[],"status":"passed","title":"should detect NestJS by nest-cli.json"},{"ancestorTitles":["NestJSLoader","isNestJSProject"],"duration":0,"failureDetails":[],"failureMessages":[],"fullName":"NestJSLoader isNestJSProject should detect NestJS by package.json dependency","invocations":1,"location":null,"numPassingAsserts":1,"retryReasons":[],"status":"passed","title":"should detect NestJS by package.json dependency"},{"ancestorTitles":["NestJSLoader","isNestJSProject"],"duration":1,"failureDetails":[],"failureMessages":[],"fullName":"NestJSLoader isNestJSProject should detect NestJS by main.ts with NestFactory","invocations":1,"location":null,"numPassingAsserts":1,"retryReasons":[],"status":"passed","title":"should detect NestJS by main.ts with NestFactory"},{"ancestorTitles":["NestJSLoader","isNestJSProject"],"duration":0,"failureDetails":[],"failureMessages":[],"fullName":"NestJSLoader isNestJSProject should return false for non-NestJS projects","invocations":1,"location":null,"numPassingAsserts":1,"retryReasons":[],"status":"passed","title":"should return false for non-NestJS projects"},{"ancestorTitles":["NestJSLoader","constructor"],"duration":4,"failureDetails":[],"failureMessages":[],"fullName":"NestJSLoader constructor should initialize with default values","invocations":1,"location":null,"numPassingAsserts":4,"retryReasons":[],"status":"passed","title":"should initialize with default values"},{"ancestorTitles":["NestJSLoader","constructor"],"duration":0,"failureDetails":[],"failureMessages":[],"fullName":"NestJSLoader constructor should initialize with provided options","invocations":1,"location":null,"numPassingAsserts":2,"retryReasons":[],"status":"passed","title":"should initialize with provided options"},{"ancestorTitles":["NestJSLoader","loadEnvironment"],"duration":1,"failureDetails":[],"failureMessages":[],"fullName":"NestJSLoader loadEnvironment should set env and NODE_ENV in context","invocations":1,"location":null,"numPassingAsserts":2,"retryReasons":[],"status":"passed","title":"should set env and NODE_ENV in context"},{"ancestorTitles":["NestJSLoader","loadEnvironment"],"duration":14,"failureDetails":[],"failureMessages":[],"fullName":"NestJSLoader loadEnvironment should load .env files if they exist","invocations":1,"location":null,"numPassingAsserts":1,"retryReasons":[],"status":"passed","title":"should load .env files if they exist"},{"ancestorTitles":["NestJSLoader","loadEntities"],"duration":6,"failureDetails":[],"failureMessages":[],"fullName":"NestJSLoader loadEntities should load entity files","invocations":1,"location":null,"numPassingAsserts":1,"retryReasons":[],"status":"passed","title":"should load entity files"},{"ancestorTitles":["NestJSLoader","loadEntities"],"duration":0,"failureDetails":[],"failureMessages":[],"fullName":"NestJSLoader loadEntities should handle missing src directory gracefully","invocations":1,"location":null,"numPassingAsserts":1,"retryReasons":[],"status":"passed","title":"should handle missing src directory gracefully"},{"ancestorTitles":["NestJSLoader","loadAllServices"],"duration":775,"failureDetails":[],"failureMessages":[],"fullName":"NestJSLoader loadAllServices should load service files","invocations":1,"location":null,"numPassingAsserts":1,"retryReasons":[],"status":"passed","title":"should load service files"},{"ancestorTitles":["NestJSLoader","loadQueues"],"duration":3,"failureDetails":[],"failureMessages":[],"fullName":"NestJSLoader loadQueues should load queue files from queues directory","invocations":1,"location":null,"numPassingAsserts":1,"retryReasons":[],"status":"passed","title":"should load queue files from queues directory"},{"ancestorTitles":["NestJSLoader","loadQueues"],"duration":0,"failureDetails":[],"failureMessages":[],"fullName":"NestJSLoader loadQueues should handle missing queues directory gracefully","invocations":1,"location":null,"numPassingAsserts":1,"retryReasons":[],"status":"passed","title":"should handle missing queues directory gracefully"},{"ancestorTitles":["NestJSLoader","utility methods","toCamelCase"],"duration":1,"failureDetails":[],"failureMessages":[],"fullName":"NestJSLoader utility methods toCamelCase should convert PascalCase to camelCase","invocations":1,"location":null,"numPassingAsserts":2,"retryReasons":[],"status":"passed","title":"should convert PascalCase to camelCase"},{"ancestorTitles":["NestJSLoader","utility methods","toCamelCase"],"duration":1,"failureDetails":[],"failureMessages":[],"fullName":"NestJSLoader utility methods toCamelCase should handle already camelCase strings","invocations":1,"location":null,"numPassingAsserts":1,"retryReasons":[],"status":"passed","title":"should handle already camelCase strings"},{"ancestorTitles":["NestJSLoader","utility methods","getHelpText"],"duration":2,"failureDetails":[],"failureMessages":[],"fullName":"NestJSLoader utility methods getHelpText should return help text with available context","invocations":1,"location":null,"numPassingAsserts":4,"retryReasons":[],"status":"passed","title":"should return help text with available context"},{"ancestorTitles":["NestJSLoader","full load"],"duration":254,"failureDetails":[],"failureMessages":[],"fullName":"NestJSLoader full load should load all components without errors","invocations":1,"location":null,"numPassingAsserts":2,"retryReasons":[],"status":"passed","title":"should load all components without errors"}],"endTime":1774720943333,"message":"","name":"/Users/tebo1993/Desktop/EFTECH93/node-console/tests/nestjs-loader.test.ts","startTime":1774720940548,"status":"passed","summary":""},{"assertionResults":[{"ancestorTitles":["NextJSLoader","isNextJSProject"],"duration":4,"failureDetails":[],"failureMessages":[],"fullName":"NextJSLoader isNextJSProject should detect Next.js by next.config.js","invocations":1,"location":null,"numPassingAsserts":1,"retryReasons":[],"status":"passed","title":"should detect Next.js by next.config.js"},{"ancestorTitles":["NextJSLoader","isNextJSProject"],"duration":1,"failureDetails":[],"failureMessages":[],"fullName":"NextJSLoader isNextJSProject should detect Next.js by next.config.ts","invocations":1,"location":null,"numPassingAsserts":1,"retryReasons":[],"status":"passed","title":"should detect Next.js by next.config.ts"},{"ancestorTitles":["NextJSLoader","isNextJSProject"],"duration":2,"failureDetails":[],"failureMessages":[],"fullName":"NextJSLoader isNextJSProject should detect Next.js by package.json dependency","invocations":1,"location":null,"numPassingAsserts":1,"retryReasons":[],"status":"passed","title":"should detect Next.js by package.json dependency"},{"ancestorTitles":["NextJSLoader","isNextJSProject"],"duration":1,"failureDetails":[],"failureMessages":[],"fullName":"NextJSLoader isNextJSProject should detect Next.js by app directory","invocations":1,"location":null,"numPassingAsserts":1,"retryReasons":[],"status":"passed","title":"should detect Next.js by app directory"},{"ancestorTitles":["NextJSLoader","isNextJSProject"],"duration":1,"failureDetails":[],"failureMessages":[],"fullName":"NextJSLoader isNextJSProject should detect Next.js by pages directory","invocations":1,"location":null,"numPassingAsserts":1,"retryReasons":[],"status":"passed","title":"should detect Next.js by pages directory"},{"ancestorTitles":["NextJSLoader","isNextJSProject"],"duration":1,"failureDetails":[],"failureMessages":[],"fullName":"NextJSLoader isNextJSProject should return false for non-NextJS projects","invocations":1,"location":null,"numPassingAsserts":1,"retryReasons":[],"status":"passed","title":"should return false for non-NextJS projects"},{"ancestorTitles":["NextJSLoader","constructor"],"duration":2,"failureDetails":[],"failureMessages":[],"fullName":"NextJSLoader constructor should initialize with default values","invocations":1,"location":null,"numPassingAsserts":4,"retryReasons":[],"status":"passed","title":"should initialize with default values"},{"ancestorTitles":["NextJSLoader","loadEnvironment"],"duration":24,"failureDetails":[],"failureMessages":[],"fullName":"NextJSLoader loadEnvironment should set env and NODE_ENV in context","invocations":1,"location":null,"numPassingAsserts":2,"retryReasons":[],"status":"passed","title":"should set env and NODE_ENV in context"},{"ancestorTitles":["NextJSLoader","autoConnectDB"],"duration":280,"failureDetails":[],"failureMessages":[],"fullName":"NextJSLoader autoConnectDB should find and call connectDB from lib/db.ts","invocations":1,"location":null,"numPassingAsserts":2,"retryReasons":[],"status":"passed","title":"should find and call connectDB from lib/db.ts"},{"ancestorTitles":["NextJSLoader","autoConnectDB"],"duration":1,"failureDetails":[],"failureMessages":[],"fullName":"NextJSLoader autoConnectDB should handle missing db file gracefully","invocations":1,"location":null,"numPassingAsserts":1,"retryReasons":[],"status":"passed","title":"should handle missing db file gracefully"},{"ancestorTitles":["NextJSLoader","loadNextConfig"],"duration":3,"failureDetails":[],"failureMessages":[],"fullName":"NextJSLoader loadNextConfig should load next.config.js","invocations":1,"location":null,"numPassingAsserts":1,"retryReasons":[],"status":"passed","title":"should load next.config.js"},{"ancestorTitles":["NextJSLoader","loadNextConfig"],"duration":0,"failureDetails":[],"failureMessages":[],"fullName":"NextJSLoader loadNextConfig should handle missing config gracefully","invocations":1,"location":null,"numPassingAsserts":2,"retryReasons":[],"status":"passed","title":"should handle missing config gracefully"},{"ancestorTitles":["NextJSLoader","loadAPIRoutes"],"duration":75,"failureDetails":[],"failureMessages":[],"fullName":"NextJSLoader loadAPIRoutes should load API route files and create helpers","invocations":1,"location":null,"numPassingAsserts":2,"retryReasons":[],"status":"passed","title":"should load API route files and create helpers"},{"ancestorTitles":["NextJSLoader","loadAPIRoutes"],"duration":0,"failureDetails":[],"failureMessages":[],"fullName":"NextJSLoader loadAPIRoutes should handle missing api directory gracefully","invocations":1,"location":null,"numPassingAsserts":1,"retryReasons":[],"status":"passed","title":"should handle missing api directory gracefully"},{"ancestorTitles":["NextJSLoader","createRouteHelpers"],"duration":1,"failureDetails":[],"failureMessages":[],"fullName":"NextJSLoader createRouteHelpers should create helper functions for HTTP methods","invocations":1,"location":null,"numPassingAsserts":2,"retryReasons":[],"status":"passed","title":"should create helper functions for HTTP methods"},{"ancestorTitles":["NextJSLoader","createRouteHelpers"],"duration":0,"failureDetails":[],"failureMessages":[],"fullName":"NextJSLoader createRouteHelpers should create dynamic route helpers","invocations":1,"location":null,"numPassingAsserts":1,"retryReasons":[],"status":"passed","title":"should create dynamic route helpers"},{"ancestorTitles":["NextJSLoader","loadModels"],"duration":2,"failureDetails":[],"failureMessages":[],"fullName":"NextJSLoader loadModels should load models from src/models","invocations":1,"location":null,"numPassingAsserts":1,"retryReasons":[],"status":"passed","title":"should load models from src/models"},{"ancestorTitles":["NextJSLoader","loadModels"],"duration":2,"failureDetails":[],"failureMessages":[],"fullName":"NextJSLoader loadModels should create pluralized aliases","invocations":1,"location":null,"numPassingAsserts":2,"retryReasons":[],"status":"passed","title":"should create pluralized aliases"},{"ancestorTitles":["NextJSLoader","loadServices"],"duration":2,"failureDetails":[],"failureMessages":[],"fullName":"NextJSLoader loadServices should load services and create aliases","invocations":1,"location":null,"numPassingAsserts":2,"retryReasons":[],"status":"passed","title":"should load services and create aliases"},{"ancestorTitles":["NextJSLoader","loadServerActions"],"duration":3,"failureDetails":[],"failureMessages":[],"fullName":"NextJSLoader loadServerActions should load server actions from actions directory","invocations":1,"location":null,"numPassingAsserts":2,"retryReasons":[],"status":"passed","title":"should load server actions from actions directory"},{"ancestorTitles":["NextJSLoader","loadServerActions"],"duration":2,"failureDetails":[],"failureMessages":[],"fullName":"NextJSLoader loadServerActions should load server actions from .actions.ts files","invocations":1,"location":null,"numPassingAsserts":1,"retryReasons":[],"status":"passed","title":"should load server actions from .actions.ts files"},{"ancestorTitles":["NextJSLoader","loadServerActions"],"duration":1,"failureDetails":[],"failureMessages":[],"fullName":"NextJSLoader loadServerActions should wrap actions with logging and error handling","invocations":1,"location":null,"numPassingAsserts":3,"retryReasons":[],"status":"passed","title":"should wrap actions with logging and error handling"},{"ancestorTitles":["NextJSLoader","loadServerActions"],"duration":2,"failureDetails":[],"failureMessages":[],"fullName":"NextJSLoader loadServerActions should add Action suffix for clarity","invocations":1,"location":null,"numPassingAsserts":2,"retryReasons":[],"status":"passed","title":"should add Action suffix for clarity"},{"ancestorTitles":["NextJSLoader","loadServerActions"],"duration":61,"failureDetails":[],"failureMessages":[],"fullName":"NextJSLoader loadServerActions should scan app directory for server actions","invocations":1,"location":null,"numPassingAsserts":1,"retryReasons":[],"status":"passed","title":"should scan app directory for server actions"},{"ancestorTitles":["NextJSLoader","loadServerActions"],"duration":0,"failureDetails":[],"failureMessages":[],"fullName":"NextJSLoader loadServerActions should handle missing actions directory gracefully","invocations":1,"location":null,"numPassingAsserts":1,"retryReasons":[],"status":"passed","title":"should handle missing actions directory gracefully"},{"ancestorTitles":["NextJSLoader","createActionWrapper"],"duration":0,"failureDetails":[],"failureMessages":[],"fullName":"NextJSLoader createActionWrapper should execute action and log success","invocations":1,"location":null,"numPassingAsserts":4,"retryReasons":[],"status":"passed","title":"should execute action and log success"},{"ancestorTitles":["NextJSLoader","createActionWrapper"],"duration":2,"failureDetails":[],"failureMessages":[],"fullName":"NextJSLoader createActionWrapper should log errors when action fails","invocations":1,"location":null,"numPassingAsserts":2,"retryReasons":[],"status":"passed","title":"should log errors when action fails"},{"ancestorTitles":["NextJSLoader","createActionWrapper"],"duration":1,"failureDetails":[],"failureMessages":[],"fullName":"NextJSLoader createActionWrapper should validate and serialize arguments","invocations":1,"location":null,"numPassingAsserts":1,"retryReasons":[],"status":"passed","title":"should validate and serialize arguments"},{"ancestorTitles":["NextJSLoader","utility methods","pluralize"],"duration":0,"failureDetails":[],"failureMessages":[],"fullName":"NextJSLoader utility methods pluralize should pluralize regular nouns","invocations":1,"location":null,"numPassingAsserts":2,"retryReasons":[],"status":"passed","title":"should pluralize regular nouns"},{"ancestorTitles":["NextJSLoader","utility methods","pluralize"],"duration":0,"failureDetails":[],"failureMessages":[],"fullName":"NextJSLoader utility methods pluralize should handle words ending in y","invocations":1,"location":null,"numPassingAsserts":1,"retryReasons":[],"status":"passed","title":"should handle words ending in y"},{"ancestorTitles":["NextJSLoader","utility methods","pluralize"],"duration":1,"failureDetails":[],"failureMessages":[],"fullName":"NextJSLoader utility methods pluralize should handle words ending in s, x, ch","invocations":1,"location":null,"numPassingAsserts":2,"retryReasons":[],"status":"passed","title":"should handle words ending in s, x, ch"},{"ancestorTitles":["NextJSLoader","utility methods","toCamelCase"],"duration":0,"failureDetails":[],"failureMessages":[],"fullName":"NextJSLoader utility methods toCamelCase should convert snake_case to camelCase","invocations":1,"location":null,"numPassingAsserts":1,"retryReasons":[],"status":"passed","title":"should convert snake_case to camelCase"},{"ancestorTitles":["NextJSLoader","utility methods","toCamelCase"],"duration":0,"failureDetails":[],"failureMessages":[],"fullName":"NextJSLoader utility methods toCamelCase should convert PascalCase to camelCase","invocations":1,"location":null,"numPassingAsserts":1,"retryReasons":[],"status":"passed","title":"should convert PascalCase to camelCase"},{"ancestorTitles":["NextJSLoader","utility methods","getHelpText"],"duration":0,"failureDetails":[],"failureMessages":[],"fullName":"NextJSLoader utility methods getHelpText should return formatted help text","invocations":1,"location":null,"numPassingAsserts":2,"retryReasons":[],"status":"passed","title":"should return formatted help text"},{"ancestorTitles":["NextJSLoader","full load"],"duration":5,"failureDetails":[],"failureMessages":[],"fullName":"NextJSLoader full load should load all components","invocations":1,"location":null,"numPassingAsserts":2,"retryReasons":[],"status":"passed","title":"should load all components"}],"endTime":1774720943391,"message":"","name":"/Users/tebo1993/Desktop/EFTECH93/node-console/tests/nextjs-loader.test.ts","startTime":1774720940514,"status":"passed","summary":""}],"wasInterrupted":false}
